# JRE version: OpenJDK Runtime Environment (21.0.5) (build 21.0.5+-13047016-b750.29)
# Java VM: OpenJDK 64-Bit Server VM (21.0.5+-13047016-b750.29, mixed mode, tiered, compressed oops, compressed class ptrs, g1 gc, windows-amd64)
GC Precious Log:
 CardTable entry size: 512
 Card Set container configuration: InlinePtr #cards 5 size 8 Array Of Cards #cards 12 size 40 Howl #buckets 4 coarsen threshold 1843 Howl Bitmap #cards 512 size 80 coarsen threshold 460 Card regions per heap region 1 cards per card region 2048
 CPUs: 4 total, 4 available
 Memory: 7541M
 Large Page Support: Disabled
 NUMA Support: Disabled
 Compressed Oops: Enabled (32-bit)
 Heap Region Size: 1M
 Heap Min Capacity: 8M
 Heap Initial Capacity: 118M
 Heap Max Capacity: 2G
 Pre-touch: Disabled
 Parallel Workers: 4
 Concurrent Workers: 1
 Concurrent Refinement Workers: 4
 Periodic GC: Disabled
Heap:
 garbage-first heap   total 523264K, used 291316K [0x0000000080000000, 0x0000000100000000)
  region size 1024K, 2 young (2048K), 2 survivors (2048K)
 Metaspace       used 239968K, committed 242432K, reserved 1310720K
  class space    used 29237K, committed 30784K, reserved 1048576K
GC Heap History (20 events):
Event: 1654.731 GC heap after
{Heap after GC invocations=79 (full 0):
 garbage-first heap   total 522240K, used 303616K [0x0000000080000000, 0x0000000100000000)
  region size 1024K, 6 young (6144K), 6 survivors (6144K)
 Metaspace       used 221960K, committed 225088K, reserved 1245184K
  class space    used 27594K, committed 29184K, reserved 1048576K
}
Event: 1660.284 GC heap before
{Heap before GC invocations=79 (full 0):
 garbage-first heap   total 522240K, used 466432K [0x0000000080000000, 0x0000000100000000)
  region size 1024K, 166 young (169984K), 6 survivors (6144K)
 Metaspace       used 225392K, committed 228480K, reserved 1310720K
  class space    used 27996K, committed 29568K, reserved 1048576K
}
Event: 1660.307 GC heap after
{Heap after GC invocations=80 (full 0):
 garbage-first heap   total 522240K, used 292234K [0x0000000080000000, 0x0000000100000000)
  region size 1024K, 10 young (10240K), 10 survivors (10240K)
 Metaspace       used 225392K, committed 228480K, reserved 1310720K
  class space    used 27996K, committed 29568K, reserved 1048576K
}
Event: 1661.121 GC heap before
{Heap before GC invocations=80 (full 0):
 garbage-first heap   total 522240K, used 344458K [0x0000000080000000, 0x0000000100000000)
  region size 1024K, 63 young (64512K), 10 survivors (10240K)
 Metaspace       used 226236K, committed 229312K, reserved 1310720K
  class space    used 28061K, committed 29632K, reserved 1048576K
}
Event: 1661.131 GC heap after
{Heap after GC invocations=81 (full 0):
 garbage-first heap   total 522240K, used 294324K [0x0000000080000000, 0x0000000100000000)
  region size 1024K, 12 young (12288K), 12 survivors (12288K)
 Metaspace       used 226236K, committed 229312K, reserved 1310720K
  class space    used 28061K, committed 29632K, reserved 1048576K
}
Event: 1947.749 GC heap before
{Heap before GC invocations=82 (full 0):
 garbage-first heap   total 522240K, used 473524K [0x0000000080000000, 0x0000000100000000)
  region size 1024K, 196 young (200704K), 12 survivors (12288K)
 Metaspace       used 235461K, committed 238720K, reserved 1310720K
  class space    used 29218K, committed 30848K, reserved 1048576K
}
Event: 1947.960 GC heap after
{Heap after GC invocations=83 (full 0):
 garbage-first heap   total 522240K, used 286686K [0x0000000080000000, 0x0000000100000000)
  region size 1024K, 14 young (14336K), 14 survivors (14336K)
 Metaspace       used 235461K, committed 238720K, reserved 1310720K
  class space    used 29218K, committed 30848K, reserved 1048576K
}
Event: 1949.313 GC heap before
{Heap before GC invocations=83 (full 0):
 garbage-first heap   total 522240K, used 480222K [0x0000000080000000, 0x0000000100000000)
  region size 1024K, 204 young (208896K), 14 survivors (14336K)
 Metaspace       used 235750K, committed 238976K, reserved 1310720K
  class space    used 29225K, committed 30848K, reserved 1048576K
}
Event: 1949.505 GC heap after
{Heap after GC invocations=84 (full 0):
 garbage-first heap   total 522240K, used 269981K [0x0000000080000000, 0x0000000100000000)
  region size 1024K, 24 young (24576K), 24 survivors (24576K)
 Metaspace       used 235750K, committed 238976K, reserved 1310720K
  class space    used 29225K, committed 30848K, reserved 1048576K
}
Event: 1949.653 GC heap before
{Heap before GC invocations=84 (full 0):
 garbage-first heap   total 522240K, used 297629K [0x0000000080000000, 0x0000000100000000)
  region size 1024K, 52 young (53248K), 24 survivors (24576K)
 Metaspace       used 235762K, committed 238976K, reserved 1310720K
  class space    used 29225K, committed 30848K, reserved 1048576K
}
Event: 1949.705 GC heap after
{Heap after GC invocations=85 (full 0):
 garbage-first heap   total 522240K, used 271872K [0x0000000080000000, 0x0000000100000000)
  region size 1024K, 13 young (13312K), 13 survivors (13312K)
 Metaspace       used 235762K, committed 238976K, reserved 1310720K
  class space    used 29225K, committed 30848K, reserved 1048576K
}
Event: 1960.567 GC heap before
{Heap before GC invocations=86 (full 0):
 garbage-first heap   total 522240K, used 481792K [0x0000000080000000, 0x0000000100000000)
  region size 1024K, 218 young (223232K), 13 survivors (13312K)
 Metaspace       used 237354K, committed 240128K, reserved 1310720K
  class space    used 28900K, committed 30784K, reserved 1048576K
}
Event: 1960.617 GC heap after
{Heap after GC invocations=87 (full 0):
 garbage-first heap   total 522240K, used 286208K [0x0000000080000000, 0x0000000100000000)
  region size 1024K, 27 young (27648K), 27 survivors (27648K)
 Metaspace       used 237354K, committed 240128K, reserved 1310720K
  class space    used 28900K, committed 30784K, reserved 1048576K
}
Event: 1965.532 GC heap before
{Heap before GC invocations=87 (full 0):
 garbage-first heap   total 522240K, used 466432K [0x0000000080000000, 0x0000000100000000)
  region size 1024K, 204 young (208896K), 27 survivors (27648K)
 Metaspace       used 239597K, committed 242112K, reserved 1310720K
  class space    used 29225K, committed 30784K, reserved 1048576K
}
Event: 1966.300 GC heap after
{Heap after GC invocations=88 (full 0):
 garbage-first heap   total 523264K, used 295936K [0x0000000080000000, 0x0000000100000000)
  region size 1024K, 21 young (21504K), 21 survivors (21504K)
 Metaspace       used 239597K, committed 242112K, reserved 1310720K
  class space    used 29225K, committed 30784K, reserved 1048576K
}
Event: 1966.401 GC heap before
{Heap before GC invocations=88 (full 0):
 garbage-first heap   total 523264K, used 299008K [0x0000000080000000, 0x0000000100000000)
  region size 1024K, 25 young (25600K), 21 survivors (21504K)
 Metaspace       used 239619K, committed 242112K, reserved 1310720K
  class space    used 29225K, committed 30784K, reserved 1048576K
}
Event: 1967.607 GC heap after
{Heap after GC invocations=89 (full 0):
 garbage-first heap   total 523264K, used 295424K [0x0000000080000000, 0x0000000100000000)
  region size 1024K, 2 young (2048K), 2 survivors (2048K)
 Metaspace       used 239619K, committed 242112K, reserved 1310720K
  class space    used 29225K, committed 30784K, reserved 1048576K
}
Event: 1968.232 GC heap before
{Heap before GC invocations=89 (full 0):
 garbage-first heap   total 523264K, used 317952K [0x0000000080000000, 0x0000000100000000)
  region size 1024K, 25 young (25600K), 2 survivors (2048K)
 Metaspace       used 239807K, committed 242304K, reserved 1310720K
  class space    used 29232K, committed 30784K, reserved 1048576K
}
Event: 1968.563 GC heap after
{Heap after GC invocations=90 (full 0):
 garbage-first heap   total 523264K, used 293415K [0x0000000080000000, 0x0000000100000000)
  region size 1024K, 2 young (2048K), 2 survivors (2048K)
 Metaspace       used 239807K, committed 242304K, reserved 1310720K
  class space    used 29232K, committed 30784K, reserved 1048576K
}
Event: 1969.133 GC heap before
{Heap before GC invocations=90 (full 0):
 garbage-first heap   total 523264K, used 316967K [0x0000000080000000, 0x0000000100000000)
  region size 1024K, 25 young (25600K), 2 survivors (2048K)
 Metaspace       used 239968K, committed 242432K, reserved 1310720K
  class space    used 29237K, committed 30784K, reserved 1048576K
}

